2025-12-02 15:43:14 [JavaFX-Launcher] ERROR kz.enu.museum.util.JsonDataManager
Ошибка при десериализации экспоната
java.lang.UnsupportedOperationException: JsonNull
	at com.google.gson.JsonElement.getAsString(JsonElement.java:187)
	at kz.enu.museum.util.JsonDataManager.deserializeExhibit(JsonDataManager.java:358)
	at kz.enu.museum.util.JsonDataManager.loadExhibits(JsonDataManager.java:81)
	at kz.enu.museum.Main.loadData(Main.java:117)
	at kz.enu.museum.Main.init(Main.java:80)
	at javafx.graphics@21.0.1/com.sun.javafx.application.LauncherImpl.launchApplication1(LauncherImpl.java:817)
	at javafx.graphics@21.0.1/com.sun.javafx.application.LauncherImpl.lambda$launchApplication$2(LauncherImpl.java:196)
	at java.base/java.lang.Thread.run(Thread.java:1583)

2025-12-02 15:43:14 [JavaFX-Launcher] ERROR kz.enu.museum.util.JsonDataManager
Ошибка при десериализации экспоната
java.lang.UnsupportedOperationException: JsonNull
	at com.google.gson.JsonElement.getAsString(JsonElement.java:187)
	at kz.enu.museum.util.JsonDataManager.deserializeExhibit(JsonDataManager.java:358)
	at kz.enu.museum.util.JsonDataManager.loadExhibits(JsonDataManager.java:81)
	at kz.enu.museum.Main.loadData(Main.java:117)
	at kz.enu.museum.Main.init(Main.java:80)
	at javafx.graphics@21.0.1/com.sun.javafx.application.LauncherImpl.launchApplication1(LauncherImpl.java:817)
	at javafx.graphics@21.0.1/com.sun.javafx.application.LauncherImpl.lambda$launchApplication$2(LauncherImpl.java:196)
	at java.base/java.lang.Thread.run(Thread.java:1583)

2025-12-02 15:43:14 [JavaFX-Launcher] ERROR kz.enu.museum.util.JsonDataManager
Ошибка при десериализации экспоната
java.lang.UnsupportedOperationException: JsonNull
	at com.google.gson.JsonElement.getAsString(JsonElement.java:187)
	at kz.enu.museum.util.JsonDataManager.deserializeExhibit(JsonDataManager.java:358)
	at kz.enu.museum.util.JsonDataManager.loadExhibits(JsonDataManager.java:81)
	at kz.enu.museum.Main.loadData(Main.java:117)
	at kz.enu.museum.Main.init(Main.java:80)
	at javafx.graphics@21.0.1/com.sun.javafx.application.LauncherImpl.launchApplication1(LauncherImpl.java:817)
	at javafx.graphics@21.0.1/com.sun.javafx.application.LauncherImpl.lambda$launchApplication$2(LauncherImpl.java:196)
	at java.base/java.lang.Thread.run(Thread.java:1583)

2025-12-02 15:43:14 [JavaFX-Launcher] ERROR kz.enu.museum.util.JsonDataManager
Ошибка при десериализации экспоната
java.lang.UnsupportedOperationException: JsonNull
	at com.google.gson.JsonElement.getAsString(JsonElement.java:187)
	at kz.enu.museum.util.JsonDataManager.deserializeExhibit(JsonDataManager.java:358)
	at kz.enu.museum.util.JsonDataManager.loadExhibits(JsonDataManager.java:81)
	at kz.enu.museum.Main.loadData(Main.java:117)
	at kz.enu.museum.Main.init(Main.java:80)
	at javafx.graphics@21.0.1/com.sun.javafx.application.LauncherImpl.launchApplication1(LauncherImpl.java:817)
	at javafx.graphics@21.0.1/com.sun.javafx.application.LauncherImpl.lambda$launchApplication$2(LauncherImpl.java:196)
	at java.base/java.lang.Thread.run(Thread.java:1583)

2025-12-02 15:43:14 [JavaFX-Launcher] ERROR kz.enu.museum.util.JsonDataManager
Ошибка при десериализации экспоната
java.lang.UnsupportedOperationException: JsonNull
	at com.google.gson.JsonElement.getAsString(JsonElement.java:187)
	at kz.enu.museum.util.JsonDataManager.deserializeExhibit(JsonDataManager.java:358)
	at kz.enu.museum.util.JsonDataManager.loadExhibits(JsonDataManager.java:81)
	at kz.enu.museum.Main.loadData(Main.java:117)
	at kz.enu.museum.Main.init(Main.java:80)
	at javafx.graphics@21.0.1/com.sun.javafx.application.LauncherImpl.launchApplication1(LauncherImpl.java:817)
	at javafx.graphics@21.0.1/com.sun.javafx.application.LauncherImpl.lambda$launchApplication$2(LauncherImpl.java:196)
	at java.base/java.lang.Thread.run(Thread.java:1583)

2025-12-02 15:43:14 [JavaFX-Launcher] ERROR kz.enu.museum.util.JsonDataManager
Ошибка при десериализации экспоната
java.lang.UnsupportedOperationException: JsonNull
	at com.google.gson.JsonElement.getAsString(JsonElement.java:187)
	at kz.enu.museum.util.JsonDataManager.deserializeExhibit(JsonDataManager.java:358)
	at kz.enu.museum.util.JsonDataManager.loadExhibits(JsonDataManager.java:81)
	at kz.enu.museum.Main.loadData(Main.java:117)
	at kz.enu.museum.Main.init(Main.java:80)
	at javafx.graphics@21.0.1/com.sun.javafx.application.LauncherImpl.launchApplication1(LauncherImpl.java:817)
	at javafx.graphics@21.0.1/com.sun.javafx.application.LauncherImpl.lambda$launchApplication$2(LauncherImpl.java:196)
	at java.base/java.lang.Thread.run(Thread.java:1583)

2025-12-02 15:43:14 [JavaFX-Launcher] ERROR kz.enu.museum.util.JsonDataManager
Ошибка при десериализации экспоната
java.lang.UnsupportedOperationException: JsonNull
	at com.google.gson.JsonElement.getAsString(JsonElement.java:187)
	at kz.enu.museum.util.JsonDataManager.deserializeExhibit(JsonDataManager.java:358)
	at kz.enu.museum.util.JsonDataManager.loadExhibits(JsonDataManager.java:81)
	at kz.enu.museum.Main.loadData(Main.java:117)
	at kz.enu.museum.Main.init(Main.java:80)
	at javafx.graphics@21.0.1/com.sun.javafx.application.LauncherImpl.launchApplication1(LauncherImpl.java:817)
	at javafx.graphics@21.0.1/com.sun.javafx.application.LauncherImpl.lambda$launchApplication$2(LauncherImpl.java:196)
	at java.base/java.lang.Thread.run(Thread.java:1583)

2025-12-02 15:43:14 [JavaFX-Launcher] ERROR kz.enu.museum.util.JsonDataManager
Ошибка при десериализации экспоната
java.lang.UnsupportedOperationException: JsonNull
	at com.google.gson.JsonElement.getAsString(JsonElement.java:187)
	at kz.enu.museum.util.JsonDataManager.deserializeExhibit(JsonDataManager.java:358)
	at kz.enu.museum.util.JsonDataManager.loadExhibits(JsonDataManager.java:81)
	at kz.enu.museum.Main.loadData(Main.java:117)
	at kz.enu.museum.Main.init(Main.java:80)
	at javafx.graphics@21.0.1/com.sun.javafx.application.LauncherImpl.launchApplication1(LauncherImpl.java:817)
	at javafx.graphics@21.0.1/com.sun.javafx.application.LauncherImpl.lambda$launchApplication$2(LauncherImpl.java:196)
	at java.base/java.lang.Thread.run(Thread.java:1583)

2025-12-02 15:43:14 [JavaFX-Launcher] ERROR kz.enu.museum.util.JsonDataManager
Ошибка при десериализации экспоната
java.lang.UnsupportedOperationException: JsonNull
	at com.google.gson.JsonElement.getAsString(JsonElement.java:187)
	at kz.enu.museum.util.JsonDataManager.deserializeExhibit(JsonDataManager.java:358)
	at kz.enu.museum.util.JsonDataManager.loadExhibits(JsonDataManager.java:81)
	at kz.enu.museum.Main.loadData(Main.java:117)
	at kz.enu.museum.Main.init(Main.java:80)
	at javafx.graphics@21.0.1/com.sun.javafx.application.LauncherImpl.launchApplication1(LauncherImpl.java:817)
	at javafx.graphics@21.0.1/com.sun.javafx.application.LauncherImpl.lambda$launchApplication$2(LauncherImpl.java:196)
	at java.base/java.lang.Thread.run(Thread.java:1583)

2025-12-02 15:43:14 [JavaFX-Launcher] ERROR kz.enu.museum.util.JsonDataManager
Ошибка при десериализации экспоната
java.lang.UnsupportedOperationException: JsonNull
	at com.google.gson.JsonElement.getAsString(JsonElement.java:187)
	at kz.enu.museum.util.JsonDataManager.deserializeExhibit(JsonDataManager.java:358)
	at kz.enu.museum.util.JsonDataManager.loadExhibits(JsonDataManager.java:81)
	at kz.enu.museum.Main.loadData(Main.java:117)
	at kz.enu.museum.Main.init(Main.java:80)
	at javafx.graphics@21.0.1/com.sun.javafx.application.LauncherImpl.launchApplication1(LauncherImpl.java:817)
	at javafx.graphics@21.0.1/com.sun.javafx.application.LauncherImpl.lambda$launchApplication$2(LauncherImpl.java:196)
	at java.base/java.lang.Thread.run(Thread.java:1583)

2025-12-02 15:43:14 [JavaFX-Launcher] ERROR kz.enu.museum.util.JsonDataManager
Ошибка при десериализации экспоната
java.lang.UnsupportedOperationException: JsonNull
	at com.google.gson.JsonElement.getAsString(JsonElement.java:187)
	at kz.enu.museum.util.JsonDataManager.deserializeExhibit(JsonDataManager.java:358)
	at kz.enu.museum.util.JsonDataManager.loadExhibits(JsonDataManager.java:81)
	at kz.enu.museum.Main.loadData(Main.java:117)
	at kz.enu.museum.Main.init(Main.java:80)
	at javafx.graphics@21.0.1/com.sun.javafx.application.LauncherImpl.launchApplication1(LauncherImpl.java:817)
	at javafx.graphics@21.0.1/com.sun.javafx.application.LauncherImpl.lambda$launchApplication$2(LauncherImpl.java:196)
	at java.base/java.lang.Thread.run(Thread.java:1583)

2025-12-02 15:43:14 [JavaFX Application Thread] ERROR kz.enu.museum.Main
Ошибка при загрузке GUI
javafx.fxml.LoadException: Error resolving onAction='#handleExit', either the event handler is not in the Namespace or there is an error in the script.
/C:/Users/esima/OneDrive/%d0%a0%d0%b0%d0%b1%d0%be%d1%87%d0%b8%d0%b9%20%d1%81%d1%82%d0%be%d0%bb/musem/target/classes/fxml/main.fxml:16

	at javafx.fxml@21.0.1/javafx.fxml.FXMLLoader.constructLoadException(FXMLLoader.java:2718)
	at javafx.fxml@21.0.1/javafx.fxml.FXMLLoader$Element.processEventHandlerAttributes(FXMLLoader.java:623)
	at javafx.fxml@21.0.1/javafx.fxml.FXMLLoader$ValueElement.processEndElement(FXMLLoader.java:783)
	at javafx.fxml@21.0.1/javafx.fxml.FXMLLoader.processEndElement(FXMLLoader.java:2969)
	at javafx.fxml@21.0.1/javafx.fxml.FXMLLoader.loadImpl(FXMLLoader.java:2654)
	at javafx.fxml@21.0.1/javafx.fxml.FXMLLoader.loadImpl(FXMLLoader.java:2563)
	at javafx.fxml@21.0.1/javafx.fxml.FXMLLoader.load(FXMLLoader.java:2531)
	at kz.enu.museum.Main.start(Main.java:139)
	at javafx.graphics@21.0.1/com.sun.javafx.application.LauncherImpl.lambda$launchApplication1$9(LauncherImpl.java:839)
	at javafx.graphics@21.0.1/com.sun.javafx.application.PlatformImpl.lambda$runAndWait$12(PlatformImpl.java:483)
	at javafx.graphics@21.0.1/com.sun.javafx.application.PlatformImpl.lambda$runLater$10(PlatformImpl.java:456)
	at java.base/java.security.AccessController.doPrivileged(AccessController.java:400)
	at javafx.graphics@21.0.1/com.sun.javafx.application.PlatformImpl.lambda$runLater$11(PlatformImpl.java:455)
	at javafx.graphics@21.0.1/com.sun.glass.ui.InvokeLaterDispatcher$Future.run(InvokeLaterDispatcher.java:95)
	at javafx.graphics@21.0.1/com.sun.glass.ui.win.WinApplication._runLoop(Native Method)
	at javafx.graphics@21.0.1/com.sun.glass.ui.win.WinApplication.lambda$runLoop$3(WinApplication.java:185)
	at java.base/java.lang.Thread.run(Thread.java:1583)

